<?xml version="1.0" encoding="UTF-8"?>
<!-- Generated by org.testng.reporters.JUnitReportReporter -->
<testsuite hostname="EC2AMAZ-EHR6SVV" failures="0" tests="7" name="com.spree.test.Countries" time="7.267" errors="0" timestamp="2024-12-26T12:12:50 IST" skipped="0">
  <testcase classname="com.spree.test.Countries" name="T01_getDefaultCountries" time="3.022"/>
  <testcase classname="com.spree.test.Countries" name="T02_retrieveaCountry" time="0.494"/>
  <testcase classname="com.spree.test.Countries" name="T02_retrieveaCountry" time="0.991"/>
  <testcase classname="com.spree.test.Countries" name="T02_retrieveaCountry" time="0.433"/>
  <testcase classname="com.spree.test.Countries" name="T02_retrieveaCountry" time="0.455"/>
  <testcase classname="com.spree.test.Countries" name="T02_retrieveaCountry" time="0.466"/>
  <testcase classname="com.spree.test.Countries" name="T03_listallCountries" time="1.406"/>
</testsuite> <!-- com.spree.test.Countries -->
